<?xml version="1.0" encoding="UTF-8"?>
<coverage generated="1662069290610" clover="3.2.0">
  <project timestamp="1662069290610" name="All files">
    <metrics statements="10" coveredstatements="10" conditionals="0" coveredconditionals="0" methods="6" coveredmethods="6" elements="16" coveredelements="16" complexity="0" loc="10" ncloc="10" packages="1" files="1" classes="1"/>
    <file name="parser-args.ts" path="/home/wayne/code/fp-ts-cli/src/parser-args.ts">
      <metrics statements="10" coveredstatements="10" conditionals="0" coveredconditionals="0" methods="6" coveredmethods="6"/>
      <line num="1" count="1" type="stmt"/>
      <line num="2" count="1" type="stmt"/>
      <line num="3" count="1" type="stmt"/>
      <line num="12" count="1" type="stmt"/>
      <line num="15" count="3" type="stmt"/>
      <line num="16" count="3" type="stmt"/>
      <line num="20" count="2" type="stmt"/>
      <line num="25" count="1" type="stmt"/>
      <line num="27" count="1" type="stmt"/>
      <line num="31" count="1" type="stmt"/>
    </file>
  </project>
</coverage>
