{"/home/wayne/code/fp-ts-cli/src/parser-args.ts": {"path":"/home/wayne/code/fp-ts-cli/src/parser-args.ts","statementMap":{"0":{"start":{"line":1,"column":0},"end":{"line":1,"column":54}},"1":{"start":{"line":2,"column":0},"end":{"line":2,"column":42}},"2":{"start":{"line":3,"column":0},"end":{"line":3,"column":56}},"3":{"start":{"line":15,"column":2},"end":{"line":32,"column":6}},"4":{"start":{"line":16,"column":4},"end":{"line":31,"column":null}},"5":{"start":{"line":20,"column":8},"end":{"line":28,"column":null}},"6":{"start":{"line":25,"column":36},"end":{"line":25,"column":75}},"7":{"start":{"line":27,"column":12},"end":{"line":27,"column":53}},"8":{"start":{"line":31,"column":29},"end":{"line":31,"column":74}},"9":{"start":{"line":12,"column":0},"end":{"line":12,"column":16}}},"fnMap":{"0":{"name":"fromParserString","decl":{"start":{"line":12,"column":16},"end":{"line":12,"column":32}},"loc":{"start":{"line":13,"column":30},"end":{"line":33,"column":1}}},"1":{"name":"(anonymous_1)","decl":{"start":{"line":15,"column":9},"end":{"line":15,"column":10}},"loc":{"start":{"line":16,"column":4},"end":{"line":31,"column":null}}},"2":{"name":"(anonymous_2)","decl":{"start":{"line":19,"column":17},"end":{"line":19,"column":18}},"loc":{"start":{"line":20,"column":8},"end":{"line":28,"column":null}}},"3":{"name":"(anonymous_3)","decl":{"start":{"line":25,"column":21},"end":{"line":25,"column":22}},"loc":{"start":{"line":25,"column":36},"end":{"line":25,"column":75}}},"4":{"name":"(anonymous_4)","decl":{"start":{"line":26,"column":27},"end":{"line":26,"column":28}},"loc":{"start":{"line":27,"column":12},"end":{"line":27,"column":53}}},"5":{"name":"(anonymous_5)","decl":{"start":{"line":31,"column":23},"end":{"line":31,"column":26}},"loc":{"start":{"line":31,"column":29},"end":{"line":31,"column":74}}}},"branchMap":{},"s":{"0":1,"1":1,"2":1,"3":3,"4":3,"5":2,"6":1,"7":1,"8":1,"9":1},"f":{"0":3,"1":3,"2":2,"3":1,"4":1,"5":1},"b":{}}
}
